flutter : Support for 
Android x86 targets will be 
removed in the next stable 
release after 3.27. See https
://github.com/flutter/flutter
/issues/157543 for details.
At line:1 char:1
+ flutter build apk --debug 
> current_build_error.txt 
2>&1
+ ~~~~~~~~~~~~~~~~~~~~~~~~~~~
~~~~~~~~~~~~~~~~~~~~~~~~~~~~~
    + CategoryInfo           
   : NotSpecified: (Support  
   for And...43 for detail   
 s.:String) [], RemoteExc    
eption
    + FullyQualifiedErrorId  
   : NativeCommandError
 
Running Gradle task 'assembleDebug'...                          
lib/main.dart:440:50: Error: 
The getter 'UILocalNotificati
onDateInterpretation' isn't 
defined for the class 
'_AddUnitPageState'.
 - '_AddUnitPageState' is 
from 'package:sentinel_mobile
/main.dart' 
('lib/main.dart').
Try correcting the name to 
the name of an existing 
getter, or defining a getter 
or field named 'UILocalNotifi
cationDateInterpretation'.
          uiLocalNotification
DateInterpretation: UILocalNo
tificationDateInterpretation.
absoluteTime,
                             
                    ^^^^^^^^^
^^^^^^^^^^^^^^^^^^^^^^^^^^^^
lib/main.dart:440:11: Error: 
No named parameter with the 
name 'uiLocalNotificationDate
Interpretation'.
          uiLocalNotification
DateInterpretation: UILocalNo
tificationDateInterpretation.
absoluteTime,
          ^^^^^^^^^^^^^^^^^^^
^^^^^^^^^^^^^^^^^^
lib/main.dart:469:50: Error: 
The getter 'UILocalNotificati
onDateInterpretation' isn't 
defined for the class 
'_AddUnitPageState'.
 - '_AddUnitPageState' is 
from 'package:sentinel_mobile
/main.dart' 
('lib/main.dart').
Try correcting the name to 
the name of an existing 
getter, or defining a getter 
or field named 'UILocalNotifi
cationDateInterpretation'.
          uiLocalNotification
DateInterpretation: UILocalNo
tificationDateInterpretation.
absoluteTime,
                             
                    ^^^^^^^^^
^^^^^^^^^^^^^^^^^^^^^^^^^^^^
lib/main.dart:469:11: Error: 
No named parameter with the 
name 'uiLocalNotificationDate
Interpretation'.
          uiLocalNotification
DateInterpretation: UILocalNo
tificationDateInterpretation.
absoluteTime,
          ^^^^^^^^^^^^^^^^^^^
^^^^^^^^^^^^^^^^^^
Target 
kernel_snapshot_program 
failed: Exception


FAILURE: Build failed with 
an exception.

* What went wrong:
Execution failed for task ':a
pp:compileFlutterBuildDebug'.
> Process 'command 'C:\Users\
User\Flutter\bin\flutter.bat'
' finished with non-zero 
exit value 1

* Try:
> Run with --stacktrace 
option to get the stack 
trace.
> Run with --info or --debug 
option to get more log 
output.
> Run with --scan to get 
full insights.
> Get more help at 
https://help.gradle.org.

BUILD FAILED in 9s
Running Gradle task 'assembleDebug'...                             10.1s
Gradle task assembleDebug 
failed with exit code 1
